commit ab81e5d0d5e8b94849469ac1963ce3677acba9f6
Author: Hank Barta <hbarta@gmail.com>
Date:   Wed May 14 20:25:15 2014 -0500

    Testing on Arduino

commit 535a16fbac48db519fdf79c34871ce6b9cb1fa57
Author: Hank Barta <hbarta@gmail.com>
Date:   Wed May 14 16:22:57 2014 -0500

    And wrote the Digital chnge start out. <rolleyes>

commit b4041c68cd0b922f318e1071969775d699c5ef04
Author: Hank Barta <hbarta@gmail.com>
Date:   Wed May 14 16:22:03 2014 -0500

    Started code for Digital inputs

commit 6131cd2c2f7676e1051c69fe64c06acda182e364
Author: Hank Barta <hbarta@gmail.com>
Date:   Thu Apr 17 18:38:39 2014 -0500

    More work on Timer test cases.

commit b8b0a8ec02f6013b358b56fa7704e1568fd18eae
Author: Hank Barta <hbarta@gmail.com>
Date:   Mon Apr 14 20:46:13 2014 -0500

    Modified callback() to return a bool indicateing whether to keep the Item active. (Simplifies logic a whole lot)
    Converted virtually all output to the co()/coln() macros so tests can be (modified to) run on the Arduino
    Continued adding test cases that report their own results

commit a17a6c0191041cc58115eb3bf672c7a585ccf6c2
Author: Hank Barta <hbarta@gmail.com>
Date:   Sat Apr 12 22:55:47 2014 -0500

    Custon template version of the event framework.
